  [1m[36m (81.6ms)[0m  [1mCREATE TABLE "schema_migrations" ("version" varchar NOT NULL) [0m
  [1m[35m (0.2ms)[0m  select sqlite_version(*)
  [1m[36m (65.9ms)[0m  [1mCREATE UNIQUE INDEX "unique_schema_migrations" ON "schema_migrations" ("version")[0m
  [1m[35mActiveRecord::SchemaMigration Load (0.1ms)[0m  SELECT "schema_migrations".* FROM "schema_migrations"
Migrating to CreateEntries (20161223003903)
  [1m[36m (0.1ms)[0m  [1mbegin transaction[0m
  [1m[35m (0.3ms)[0m  CREATE TABLE "entries" ("id" INTEGER PRIMARY KEY AUTOINCREMENT NOT NULL, "content" text, "entryNo" integer, "fav" integer, "created_at" datetime NOT NULL, "updated_at" datetime NOT NULL) 
  [1m[36mSQL (0.2ms)[0m  [1mINSERT INTO "schema_migrations" ("version") VALUES (?)[0m  [["version", "20161223003903"]]
  [1m[35m (67.9ms)[0m  commit transaction
  [1m[36mActiveRecord::SchemaMigration Load (0.2ms)[0m  [1mSELECT "schema_migrations".* FROM "schema_migrations"[0m
  [1m[36mActiveRecord::SchemaMigration Load (0.1ms)[0m  [1mSELECT "schema_migrations".* FROM "schema_migrations"[0m
  [1m[35m (0.0ms)[0m  begin transaction
  [1m[36mSQL (0.2ms)[0m  [1mINSERT INTO "entries" ("content", "entryNo", "fav", "created_at", "updated_at") VALUES (?, ?, ?, ?, ?)[0m  [["content", "entry comes here"], ["entryNo", 1], ["fav", 28], ["created_at", "2016-12-23 00:41:30.285721"], ["updated_at", "2016-12-23 00:41:30.285721"]]
  [1m[35m (64.2ms)[0m  commit transaction
  [1m[36m (0.1ms)[0m  [1mbegin transaction[0m
  [1m[35mSQL (0.3ms)[0m  INSERT INTO "entries" ("content", "entryNo", "fav", "created_at", "updated_at") VALUES (?, ?, ?, ?, ?)  [["content", "entry comes here"], ["entryNo", 2], ["fav", 33], ["created_at", "2016-12-23 00:41:30.353190"], ["updated_at", "2016-12-23 00:41:30.353190"]]
  [1m[36m (65.2ms)[0m  [1mcommit transaction[0m
  [1m[35m (0.2ms)[0m  begin transaction
  [1m[36mSQL (0.4ms)[0m  [1mINSERT INTO "entries" ("content", "entryNo", "fav", "created_at", "updated_at") VALUES (?, ?, ?, ?, ?)[0m  [["content", "entry comes here"], ["entryNo", 3], ["fav", 22], ["created_at", "2016-12-23 00:41:30.421817"], ["updated_at", "2016-12-23 00:41:30.421817"]]
  [1m[35m (51.5ms)[0m  commit transaction
  [1m[36m (0.2ms)[0m  [1mbegin transaction[0m
  [1m[35mSQL (0.4ms)[0m  INSERT INTO "entries" ("content", "entryNo", "fav", "created_at", "updated_at") VALUES (?, ?, ?, ?, ?)  [["content", "entry comes here"], ["entryNo", 4], ["fav", 15], ["created_at", "2016-12-23 00:41:30.477760"], ["updated_at", "2016-12-23 00:41:30.477760"]]
  [1m[36m (51.8ms)[0m  [1mcommit transaction[0m
  [1m[35m (0.2ms)[0m  begin transaction
  [1m[36mSQL (0.4ms)[0m  [1mINSERT INTO "entries" ("content", "entryNo", "fav", "created_at", "updated_at") VALUES (?, ?, ?, ?, ?)[0m  [["content", "entry comes here"], ["entryNo", 5], ["fav", 6], ["created_at", "2016-12-23 00:41:30.534036"], ["updated_at", "2016-12-23 00:41:30.534036"]]
  [1m[35m (51.8ms)[0m  commit transaction
  [1m[36m (0.2ms)[0m  [1mbegin transaction[0m
  [1m[35mSQL (0.4ms)[0m  INSERT INTO "entries" ("content", "entryNo", "fav", "created_at", "updated_at") VALUES (?, ?, ?, ?, ?)  [["content", "entry comes here"], ["entryNo", 6], ["fav", 18], ["created_at", "2016-12-23 00:41:30.590217"], ["updated_at", "2016-12-23 00:41:30.590217"]]
  [1m[36m (55.4ms)[0m  [1mcommit transaction[0m


Started GET "/index" for 127.0.0.1 at 2016-12-23 03:45:56 +0300
  [1m[36mActiveRecord::SchemaMigration Load (0.1ms)[0m  [1mSELECT "schema_migrations".* FROM "schema_migrations"[0m
Processing by EntriesController#index as HTML
  [1m[35mEntry Load (0.1ms)[0m  SELECT "entries".* FROM "entries"
  Rendered entries/index.html.erb within layouts/application (6.5ms)
Completed 200 OK in 563ms (Views: 554.5ms | ActiveRecord: 0.3ms)


Started GET "/index" for 127.0.0.1 at 2016-12-23 03:46:47 +0300
Processing by EntriesController#index as HTML
  [1m[36mEntry Load (0.1ms)[0m  [1mSELECT "entries".* FROM "entries"[0m
  Rendered entries/index.html.erb within layouts/application (1.3ms)
Completed 200 OK in 12ms (Views: 10.7ms | ActiveRecord: 0.1ms)


Started GET "/index" for 127.0.0.1 at 2016-12-23 03:47:04 +0300
Processing by EntriesController#index as HTML
  [1m[35mEntry Load (0.4ms)[0m  SELECT "entries".* FROM "entries"
  Rendered entries/index.html.erb within layouts/application (3.4ms)
Completed 200 OK in 30ms (Views: 28.4ms | ActiveRecord: 0.4ms)


Started GET "/index" for 127.0.0.1 at 2016-12-23 03:48:36 +0300
Processing by EntriesController#index as HTML
  [1m[36mEntry Load (0.2ms)[0m  [1mSELECT "entries".* FROM "entries"[0m
  Rendered entries/index.html.erb within layouts/application (2.1ms)
Completed 200 OK in 106ms (Views: 104.6ms | ActiveRecord: 0.2ms)


Started GET "/assets/entries.self-eea7a65d4220d998fe6c1066b48c027f4b168b340e24321c15071de4fbfcfe73.css?body=1" for 127.0.0.1 at 2016-12-23 03:48:36 +0300


Started GET "/index" for 127.0.0.1 at 2016-12-23 03:49:52 +0300
Processing by EntriesController#index as HTML
  [1m[35mEntry Load (0.2ms)[0m  SELECT "entries".* FROM "entries"
  Rendered entries/index.html.erb within layouts/application (2.8ms)
Completed 200 OK in 22ms (Views: 20.8ms | ActiveRecord: 0.2ms)


Started GET "/index" for 127.0.0.1 at 2016-12-23 03:50:13 +0300
Processing by EntriesController#index as HTML
  [1m[36mEntry Load (0.4ms)[0m  [1mSELECT "entries".* FROM "entries"[0m
  Rendered entries/index.html.erb within layouts/application (3.9ms)
Completed 200 OK in 30ms (Views: 28.9ms | ActiveRecord: 0.4ms)


Started GET "/index" for 127.0.0.1 at 2016-12-23 03:51:23 +0300
Processing by EntriesController#index as HTML
  [1m[35mEntry Load (0.3ms)[0m  SELECT "entries".* FROM "entries"
  Rendered entries/index.html.erb within layouts/application (2.9ms)
Completed 200 OK in 29ms (Views: 27.9ms | ActiveRecord: 0.3ms)


Started GET "/index" for 127.0.0.1 at 2016-12-23 03:52:22 +0300
Processing by EntriesController#index as HTML
  [1m[36mEntry Load (0.1ms)[0m  [1mSELECT "entries".* FROM "entries"[0m
  Rendered entries/index.html.erb within layouts/application (1.9ms)
Completed 200 OK in 18ms (Views: 17.1ms | ActiveRecord: 0.1ms)


Started GET "/index" for 127.0.0.1 at 2016-12-23 03:52:29 +0300
Processing by EntriesController#index as HTML
  [1m[35mEntry Load (0.1ms)[0m  SELECT "entries".* FROM "entries"
  Rendered entries/index.html.erb within layouts/application (1.1ms)
Completed 200 OK in 10ms (Views: 9.6ms | ActiveRecord: 0.1ms)


Started GET "/index" for 127.0.0.1 at 2016-12-23 03:53:18 +0300
Processing by EntriesController#index as HTML
  [1m[36mEntry Load (0.1ms)[0m  [1mSELECT "entries".* FROM "entries"[0m
  Rendered entries/index.html.erb within layouts/application (0.8ms)
Completed 200 OK in 38ms (Views: 37.8ms | ActiveRecord: 0.1ms)


Started GET "/assets/entries.self-f738dc8c5579a758b2d1f8de7c3dcf68a61f4173af57e75c6dfb9899cd804d0d.css?body=1" for 127.0.0.1 at 2016-12-23 03:53:18 +0300


Started GET "/index" for 127.0.0.1 at 2016-12-23 03:53:43 +0300
Processing by EntriesController#index as HTML
  [1m[35mEntry Load (0.1ms)[0m  SELECT "entries".* FROM "entries"
  Rendered entries/index.html.erb within layouts/application (0.8ms)
Completed 200 OK in 51ms (Views: 50.7ms | ActiveRecord: 0.1ms)


Started GET "/assets/entries.self-2b085a8c080041a4686ce1abf9c3c6c5169d2dc9112e34e695370f04bde21c10.css?body=1" for 127.0.0.1 at 2016-12-23 03:53:43 +0300


Started GET "/index" for 127.0.0.1 at 2016-12-23 03:58:42 +0300
Processing by EntriesController#index as HTML
  [1m[36mEntry Load (0.2ms)[0m  [1mSELECT  "entries".* FROM "entries"  ORDER BY "entries"."fav" DESC LIMIT 1[0m
  Rendered entries/index.html.erb within layouts/application (5.8ms)
Completed 500 Internal Server Error in 13ms (ActiveRecord: 0.4ms)

ActionView::Template::Error (undefined method `each' for #<Entry:0x007fe019f92490>):
     7: 
     8: <div class="messages">
     9:     <div class="container">
    10:         <% @entries.each do |entry| %>
    11:             <div class="message">
    12:                 <p class="content">
    13:                     <%= entry.content %>
  app/views/entries/index.html.erb:10:in `_app_views_entries_index_html_erb___1795267261734487643_70300235173060'


  Rendered /home/burkay/.rbenv/versions/2.3.1/lib/ruby/gems/2.3.0/gems/actionpack-4.2.6/lib/action_dispatch/middleware/templates/rescues/_source.erb (2.9ms)
  Rendered /home/burkay/.rbenv/versions/2.3.1/lib/ruby/gems/2.3.0/gems/actionpack-4.2.6/lib/action_dispatch/middleware/templates/rescues/_trace.html.erb (1.2ms)
  Rendered /home/burkay/.rbenv/versions/2.3.1/lib/ruby/gems/2.3.0/gems/actionpack-4.2.6/lib/action_dispatch/middleware/templates/rescues/_request_and_response.html.erb (0.6ms)
  Rendered /home/burkay/.rbenv/versions/2.3.1/lib/ruby/gems/2.3.0/gems/actionpack-4.2.6/lib/action_dispatch/middleware/templates/rescues/template_error.html.erb within rescues/layout (15.1ms)
  Rendered /home/burkay/.rbenv/versions/2.3.1/lib/ruby/gems/2.3.0/gems/web-console-2.3.0/lib/web_console/templates/_markup.html.erb (0.2ms)
  Rendered /home/burkay/.rbenv/versions/2.3.1/lib/ruby/gems/2.3.0/gems/web-console-2.3.0/lib/web_console/templates/_inner_console_markup.html.erb within layouts/inlined_string (0.2ms)
  Rendered /home/burkay/.rbenv/versions/2.3.1/lib/ruby/gems/2.3.0/gems/web-console-2.3.0/lib/web_console/templates/_prompt_box_markup.html.erb within layouts/inlined_string (0.6ms)
  Rendered /home/burkay/.rbenv/versions/2.3.1/lib/ruby/gems/2.3.0/gems/web-console-2.3.0/lib/web_console/templates/style.css.erb within layouts/inlined_string (0.2ms)
  Rendered /home/burkay/.rbenv/versions/2.3.1/lib/ruby/gems/2.3.0/gems/web-console-2.3.0/lib/web_console/templates/console.js.erb within layouts/javascript (16.0ms)
  Rendered /home/burkay/.rbenv/versions/2.3.1/lib/ruby/gems/2.3.0/gems/web-console-2.3.0/lib/web_console/templates/main.js.erb within layouts/javascript (0.2ms)
  Rendered /home/burkay/.rbenv/versions/2.3.1/lib/ruby/gems/2.3.0/gems/web-console-2.3.0/lib/web_console/templates/error_page.js.erb within layouts/javascript (0.2ms)
  Rendered /home/burkay/.rbenv/versions/2.3.1/lib/ruby/gems/2.3.0/gems/web-console-2.3.0/lib/web_console/templates/index.html.erb (30.0ms)


Started GET "/index" for 127.0.0.1 at 2016-12-23 03:59:16 +0300
Processing by EntriesController#index as HTML
  [1m[35mEntry Load (0.2ms)[0m  SELECT "entries".* FROM "entries"
  Rendered entries/index.html.erb within layouts/application (3.4ms)
Completed 200 OK in 27ms (Views: 23.7ms | ActiveRecord: 0.5ms)


Started GET "/index" for 127.0.0.1 at 2016-12-23 04:00:08 +0300
Processing by EntriesController#index as HTML
  [1m[36mEntry Load (0.4ms)[0m  [1mSELECT  "entries".* FROM "entries"  ORDER BY "entries"."fav" DESC LIMIT 1[0m
  Rendered entries/index.html.erb within layouts/application (5.2ms)
Completed 500 Internal Server Error in 17ms (ActiveRecord: 0.8ms)

ActionView::Template::Error (undefined method `each' for #<Entry:0x007fe01acc8088>):
     7: 
     8: <div class="messages">
     9:     <div class="container">
    10:         <% @entries.each do |entry| %>
    11:             <div class="message">
    12:                 <p class="content">
    13:                     <%= entry.content %>
  app/views/entries/index.html.erb:10:in `_app_views_entries_index_html_erb___1795267261734487643_70300235173060'


  Rendered /home/burkay/.rbenv/versions/2.3.1/lib/ruby/gems/2.3.0/gems/actionpack-4.2.6/lib/action_dispatch/middleware/templates/rescues/_source.erb (3.8ms)
  Rendered /home/burkay/.rbenv/versions/2.3.1/lib/ruby/gems/2.3.0/gems/actionpack-4.2.6/lib/action_dispatch/middleware/templates/rescues/_trace.html.erb (1.8ms)
  Rendered /home/burkay/.rbenv/versions/2.3.1/lib/ruby/gems/2.3.0/gems/actionpack-4.2.6/lib/action_dispatch/middleware/templates/rescues/_request_and_response.html.erb (0.7ms)
  Rendered /home/burkay/.rbenv/versions/2.3.1/lib/ruby/gems/2.3.0/gems/actionpack-4.2.6/lib/action_dispatch/middleware/templates/rescues/template_error.html.erb within rescues/layout (18.0ms)
  Rendered /home/burkay/.rbenv/versions/2.3.1/lib/ruby/gems/2.3.0/gems/web-console-2.3.0/lib/web_console/templates/_markup.html.erb (0.4ms)
  Rendered /home/burkay/.rbenv/versions/2.3.1/lib/ruby/gems/2.3.0/gems/web-console-2.3.0/lib/web_console/templates/_inner_console_markup.html.erb within layouts/inlined_string (0.2ms)
  Rendered /home/burkay/.rbenv/versions/2.3.1/lib/ruby/gems/2.3.0/gems/web-console-2.3.0/lib/web_console/templates/_prompt_box_markup.html.erb within layouts/inlined_string (0.2ms)
  Rendered /home/burkay/.rbenv/versions/2.3.1/lib/ruby/gems/2.3.0/gems/web-console-2.3.0/lib/web_console/templates/style.css.erb within layouts/inlined_string (0.5ms)
  Rendered /home/burkay/.rbenv/versions/2.3.1/lib/ruby/gems/2.3.0/gems/web-console-2.3.0/lib/web_console/templates/console.js.erb within layouts/javascript (15.6ms)
  Rendered /home/burkay/.rbenv/versions/2.3.1/lib/ruby/gems/2.3.0/gems/web-console-2.3.0/lib/web_console/templates/main.js.erb within layouts/javascript (0.2ms)
  Rendered /home/burkay/.rbenv/versions/2.3.1/lib/ruby/gems/2.3.0/gems/web-console-2.3.0/lib/web_console/templates/error_page.js.erb within layouts/javascript (0.3ms)
  Rendered /home/burkay/.rbenv/versions/2.3.1/lib/ruby/gems/2.3.0/gems/web-console-2.3.0/lib/web_console/templates/index.html.erb (30.9ms)


Started GET "/index" for 127.0.0.1 at 2016-12-23 04:03:22 +0300
Processing by EntriesController#index as HTML
  [1m[35mEntry Load (0.4ms)[0m  SELECT  "entries".* FROM "entries"  ORDER BY "entries"."fav" ASC LIMIT 1
Completed 500 Internal Server Error in 12ms (ActiveRecord: 1.0ms)

NoMethodError (undefined method `all' for #<Entry:0x007fe01a2568e8>):
  app/controllers/entries_controller.rb:4:in `index'


  Rendered /home/burkay/.rbenv/versions/2.3.1/lib/ruby/gems/2.3.0/gems/actionpack-4.2.6/lib/action_dispatch/middleware/templates/rescues/_source.erb (2.6ms)
  Rendered /home/burkay/.rbenv/versions/2.3.1/lib/ruby/gems/2.3.0/gems/actionpack-4.2.6/lib/action_dispatch/middleware/templates/rescues/_trace.html.erb (1.4ms)
  Rendered /home/burkay/.rbenv/versions/2.3.1/lib/ruby/gems/2.3.0/gems/actionpack-4.2.6/lib/action_dispatch/middleware/templates/rescues/_request_and_response.html.erb (0.7ms)
  Rendered /home/burkay/.rbenv/versions/2.3.1/lib/ruby/gems/2.3.0/gems/actionpack-4.2.6/lib/action_dispatch/middleware/templates/rescues/diagnostics.html.erb within rescues/layout (17.8ms)
  Rendered /home/burkay/.rbenv/versions/2.3.1/lib/ruby/gems/2.3.0/gems/web-console-2.3.0/lib/web_console/templates/_markup.html.erb (0.3ms)
  Rendered /home/burkay/.rbenv/versions/2.3.1/lib/ruby/gems/2.3.0/gems/web-console-2.3.0/lib/web_console/templates/_inner_console_markup.html.erb within layouts/inlined_string (0.5ms)
  Rendered /home/burkay/.rbenv/versions/2.3.1/lib/ruby/gems/2.3.0/gems/web-console-2.3.0/lib/web_console/templates/_prompt_box_markup.html.erb within layouts/inlined_string (0.2ms)
  Rendered /home/burkay/.rbenv/versions/2.3.1/lib/ruby/gems/2.3.0/gems/web-console-2.3.0/lib/web_console/templates/style.css.erb within layouts/inlined_string (0.2ms)
  Rendered /home/burkay/.rbenv/versions/2.3.1/lib/ruby/gems/2.3.0/gems/web-console-2.3.0/lib/web_console/templates/console.js.erb within layouts/javascript (15.2ms)
  Rendered /home/burkay/.rbenv/versions/2.3.1/lib/ruby/gems/2.3.0/gems/web-console-2.3.0/lib/web_console/templates/main.js.erb within layouts/javascript (0.5ms)
  Rendered /home/burkay/.rbenv/versions/2.3.1/lib/ruby/gems/2.3.0/gems/web-console-2.3.0/lib/web_console/templates/error_page.js.erb within layouts/javascript (0.4ms)
  Rendered /home/burkay/.rbenv/versions/2.3.1/lib/ruby/gems/2.3.0/gems/web-console-2.3.0/lib/web_console/templates/index.html.erb (30.4ms)


Started GET "/index" for 127.0.0.1 at 2016-12-23 04:03:23 +0300
Processing by EntriesController#index as HTML
  [1m[36mEntry Load (0.5ms)[0m  [1mSELECT  "entries".* FROM "entries"  ORDER BY "entries"."fav" ASC LIMIT 1[0m
Completed 500 Internal Server Error in 9ms (ActiveRecord: 0.5ms)

NoMethodError (undefined method `all' for #<Entry:0x007fe01b0efa58>):
  app/controllers/entries_controller.rb:4:in `index'


  Rendered /home/burkay/.rbenv/versions/2.3.1/lib/ruby/gems/2.3.0/gems/actionpack-4.2.6/lib/action_dispatch/middleware/templates/rescues/_source.erb (2.3ms)
  Rendered /home/burkay/.rbenv/versions/2.3.1/lib/ruby/gems/2.3.0/gems/actionpack-4.2.6/lib/action_dispatch/middleware/templates/rescues/_trace.html.erb (1.4ms)
  Rendered /home/burkay/.rbenv/versions/2.3.1/lib/ruby/gems/2.3.0/gems/actionpack-4.2.6/lib/action_dispatch/middleware/templates/rescues/_request_and_response.html.erb (0.6ms)
  Rendered /home/burkay/.rbenv/versions/2.3.1/lib/ruby/gems/2.3.0/gems/actionpack-4.2.6/lib/action_dispatch/middleware/templates/rescues/diagnostics.html.erb within rescues/layout (16.0ms)
  Rendered /home/burkay/.rbenv/versions/2.3.1/lib/ruby/gems/2.3.0/gems/web-console-2.3.0/lib/web_console/templates/_markup.html.erb (0.4ms)
  Rendered /home/burkay/.rbenv/versions/2.3.1/lib/ruby/gems/2.3.0/gems/web-console-2.3.0/lib/web_console/templates/_inner_console_markup.html.erb within layouts/inlined_string (0.2ms)
  Rendered /home/burkay/.rbenv/versions/2.3.1/lib/ruby/gems/2.3.0/gems/web-console-2.3.0/lib/web_console/templates/_prompt_box_markup.html.erb within layouts/inlined_string (0.2ms)
  Rendered /home/burkay/.rbenv/versions/2.3.1/lib/ruby/gems/2.3.0/gems/web-console-2.3.0/lib/web_console/templates/style.css.erb within layouts/inlined_string (0.2ms)
  Rendered /home/burkay/.rbenv/versions/2.3.1/lib/ruby/gems/2.3.0/gems/web-console-2.3.0/lib/web_console/templates/console.js.erb within layouts/javascript (13.1ms)
  Rendered /home/burkay/.rbenv/versions/2.3.1/lib/ruby/gems/2.3.0/gems/web-console-2.3.0/lib/web_console/templates/main.js.erb within layouts/javascript (0.5ms)
  Rendered /home/burkay/.rbenv/versions/2.3.1/lib/ruby/gems/2.3.0/gems/web-console-2.3.0/lib/web_console/templates/error_page.js.erb within layouts/javascript (0.3ms)
  Rendered /home/burkay/.rbenv/versions/2.3.1/lib/ruby/gems/2.3.0/gems/web-console-2.3.0/lib/web_console/templates/index.html.erb (31.8ms)


Started GET "/index" for 127.0.0.1 at 2016-12-23 04:03:47 +0300

SyntaxError (/home/burkay/Desktop/project1/app/controllers/entries_controller.rb:3: dynamic constant assignment
    Entry = Entry.order(:fav).first
           ^):
  app/controllers/entries_controller.rb:3: dynamic constant assignment


  Rendered /home/burkay/.rbenv/versions/2.3.1/lib/ruby/gems/2.3.0/gems/actionpack-4.2.6/lib/action_dispatch/middleware/templates/rescues/_source.erb (2.6ms)
  Rendered /home/burkay/.rbenv/versions/2.3.1/lib/ruby/gems/2.3.0/gems/actionpack-4.2.6/lib/action_dispatch/middleware/templates/rescues/_trace.html.erb (1.5ms)
  Rendered /home/burkay/.rbenv/versions/2.3.1/lib/ruby/gems/2.3.0/gems/actionpack-4.2.6/lib/action_dispatch/middleware/templates/rescues/_request_and_response.html.erb (1.5ms)
  Rendered /home/burkay/.rbenv/versions/2.3.1/lib/ruby/gems/2.3.0/gems/actionpack-4.2.6/lib/action_dispatch/middleware/templates/rescues/diagnostics.html.erb within rescues/layout (17.3ms)
  Rendered /home/burkay/.rbenv/versions/2.3.1/lib/ruby/gems/2.3.0/gems/web-console-2.3.0/lib/web_console/templates/_markup.html.erb (0.3ms)
  Rendered /home/burkay/.rbenv/versions/2.3.1/lib/ruby/gems/2.3.0/gems/web-console-2.3.0/lib/web_console/templates/_inner_console_markup.html.erb within layouts/inlined_string (0.2ms)
  Rendered /home/burkay/.rbenv/versions/2.3.1/lib/ruby/gems/2.3.0/gems/web-console-2.3.0/lib/web_console/templates/_prompt_box_markup.html.erb within layouts/inlined_string (0.3ms)
  Rendered /home/burkay/.rbenv/versions/2.3.1/lib/ruby/gems/2.3.0/gems/web-console-2.3.0/lib/web_console/templates/style.css.erb within layouts/inlined_string (0.3ms)
  Rendered /home/burkay/.rbenv/versions/2.3.1/lib/ruby/gems/2.3.0/gems/web-console-2.3.0/lib/web_console/templates/console.js.erb within layouts/javascript (15.1ms)
  Rendered /home/burkay/.rbenv/versions/2.3.1/lib/ruby/gems/2.3.0/gems/web-console-2.3.0/lib/web_console/templates/main.js.erb within layouts/javascript (0.2ms)
  Rendered /home/burkay/.rbenv/versions/2.3.1/lib/ruby/gems/2.3.0/gems/web-console-2.3.0/lib/web_console/templates/error_page.js.erb within layouts/javascript (0.3ms)
  Rendered /home/burkay/.rbenv/versions/2.3.1/lib/ruby/gems/2.3.0/gems/web-console-2.3.0/lib/web_console/templates/index.html.erb (29.6ms)


Started GET "/index" for 127.0.0.1 at 2016-12-23 04:04:20 +0300
Processing by EntriesController#index as HTML
  [1m[35mEntry Load (0.5ms)[0m  SELECT  "entries".* FROM "entries"  ORDER BY "entries"."fav" ASC LIMIT 1
  Rendered entries/index.html.erb within layouts/application (3.7ms)
Completed 500 Internal Server Error in 14ms (ActiveRecord: 1.4ms)

ActionView::Template::Error (undefined method `each' for #<Entry:0x007fe01a96cba0>):
     7: 
     8: <div class="messages">
     9:     <div class="container">
    10:         <% @entries.each do |entry| %>
    11:             <div class="message">
    12:                 <p class="content">
    13:                     <%= entry.content %>
  app/views/entries/index.html.erb:10:in `_app_views_entries_index_html_erb___1795267261734487643_70300235173060'


  Rendered /home/burkay/.rbenv/versions/2.3.1/lib/ruby/gems/2.3.0/gems/actionpack-4.2.6/lib/action_dispatch/middleware/templates/rescues/_source.erb (3.9ms)
  Rendered /home/burkay/.rbenv/versions/2.3.1/lib/ruby/gems/2.3.0/gems/actionpack-4.2.6/lib/action_dispatch/middleware/templates/rescues/_trace.html.erb (2.5ms)
  Rendered /home/burkay/.rbenv/versions/2.3.1/lib/ruby/gems/2.3.0/gems/actionpack-4.2.6/lib/action_dispatch/middleware/templates/rescues/_request_and_response.html.erb (0.7ms)
  Rendered /home/burkay/.rbenv/versions/2.3.1/lib/ruby/gems/2.3.0/gems/actionpack-4.2.6/lib/action_dispatch/middleware/templates/rescues/template_error.html.erb within rescues/layout (19.8ms)
  Rendered /home/burkay/.rbenv/versions/2.3.1/lib/ruby/gems/2.3.0/gems/web-console-2.3.0/lib/web_console/templates/_markup.html.erb (0.7ms)
  Rendered /home/burkay/.rbenv/versions/2.3.1/lib/ruby/gems/2.3.0/gems/web-console-2.3.0/lib/web_console/templates/_inner_console_markup.html.erb within layouts/inlined_string (0.3ms)
  Rendered /home/burkay/.rbenv/versions/2.3.1/lib/ruby/gems/2.3.0/gems/web-console-2.3.0/lib/web_console/templates/_prompt_box_markup.html.erb within layouts/inlined_string (0.2ms)
  Rendered /home/burkay/.rbenv/versions/2.3.1/lib/ruby/gems/2.3.0/gems/web-console-2.3.0/lib/web_console/templates/style.css.erb within layouts/inlined_string (0.3ms)
  Rendered /home/burkay/.rbenv/versions/2.3.1/lib/ruby/gems/2.3.0/gems/web-console-2.3.0/lib/web_console/templates/console.js.erb within layouts/javascript (15.4ms)
  Rendered /home/burkay/.rbenv/versions/2.3.1/lib/ruby/gems/2.3.0/gems/web-console-2.3.0/lib/web_console/templates/main.js.erb within layouts/javascript (0.3ms)
  Rendered /home/burkay/.rbenv/versions/2.3.1/lib/ruby/gems/2.3.0/gems/web-console-2.3.0/lib/web_console/templates/error_page.js.erb within layouts/javascript (0.3ms)
  Rendered /home/burkay/.rbenv/versions/2.3.1/lib/ruby/gems/2.3.0/gems/web-console-2.3.0/lib/web_console/templates/index.html.erb (31.5ms)


Started GET "/index" for 127.0.0.1 at 2016-12-23 04:05:09 +0300

SyntaxError (/home/burkay/Desktop/project1/app/controllers/entries_controller.rb:3: dynamic constant assignment
    Entry1 = Entry.order(:fav).first
            ^):
  app/controllers/entries_controller.rb:3: dynamic constant assignment


  Rendered /home/burkay/.rbenv/versions/2.3.1/lib/ruby/gems/2.3.0/gems/actionpack-4.2.6/lib/action_dispatch/middleware/templates/rescues/_source.erb (2.6ms)
  Rendered /home/burkay/.rbenv/versions/2.3.1/lib/ruby/gems/2.3.0/gems/actionpack-4.2.6/lib/action_dispatch/middleware/templates/rescues/_trace.html.erb (1.5ms)
  Rendered /home/burkay/.rbenv/versions/2.3.1/lib/ruby/gems/2.3.0/gems/actionpack-4.2.6/lib/action_dispatch/middleware/templates/rescues/_request_and_response.html.erb (0.8ms)
  Rendered /home/burkay/.rbenv/versions/2.3.1/lib/ruby/gems/2.3.0/gems/actionpack-4.2.6/lib/action_dispatch/middleware/templates/rescues/diagnostics.html.erb within rescues/layout (16.1ms)
  Rendered /home/burkay/.rbenv/versions/2.3.1/lib/ruby/gems/2.3.0/gems/web-console-2.3.0/lib/web_console/templates/_markup.html.erb (0.5ms)
  Rendered /home/burkay/.rbenv/versions/2.3.1/lib/ruby/gems/2.3.0/gems/web-console-2.3.0/lib/web_console/templates/_inner_console_markup.html.erb within layouts/inlined_string (0.2ms)
  Rendered /home/burkay/.rbenv/versions/2.3.1/lib/ruby/gems/2.3.0/gems/web-console-2.3.0/lib/web_console/templates/_prompt_box_markup.html.erb within layouts/inlined_string (0.2ms)
  Rendered /home/burkay/.rbenv/versions/2.3.1/lib/ruby/gems/2.3.0/gems/web-console-2.3.0/lib/web_console/templates/style.css.erb within layouts/inlined_string (0.3ms)
  Rendered /home/burkay/.rbenv/versions/2.3.1/lib/ruby/gems/2.3.0/gems/web-console-2.3.0/lib/web_console/templates/console.js.erb within layouts/javascript (13.5ms)
  Rendered /home/burkay/.rbenv/versions/2.3.1/lib/ruby/gems/2.3.0/gems/web-console-2.3.0/lib/web_console/templates/main.js.erb within layouts/javascript (0.2ms)
  Rendered /home/burkay/.rbenv/versions/2.3.1/lib/ruby/gems/2.3.0/gems/web-console-2.3.0/lib/web_console/templates/error_page.js.erb within layouts/javascript (0.3ms)
  Rendered /home/burkay/.rbenv/versions/2.3.1/lib/ruby/gems/2.3.0/gems/web-console-2.3.0/lib/web_console/templates/index.html.erb (28.8ms)


Started GET "/index" for 127.0.0.1 at 2016-12-23 04:05:41 +0300
Processing by EntriesController#index as HTML
Completed 500 Internal Server Error in 5ms (ActiveRecord: 0.0ms)

NameError (uninitialized constant EntriesController::Entry1):
  app/controllers/entries_controller.rb:4:in `index'


  Rendered /home/burkay/.rbenv/versions/2.3.1/lib/ruby/gems/2.3.0/gems/actionpack-4.2.6/lib/action_dispatch/middleware/templates/rescues/_source.erb (4.2ms)
  Rendered /home/burkay/.rbenv/versions/2.3.1/lib/ruby/gems/2.3.0/gems/actionpack-4.2.6/lib/action_dispatch/middleware/templates/rescues/_trace.html.erb (1.4ms)
  Rendered /home/burkay/.rbenv/versions/2.3.1/lib/ruby/gems/2.3.0/gems/actionpack-4.2.6/lib/action_dispatch/middleware/templates/rescues/_request_and_response.html.erb (1.3ms)
  Rendered /home/burkay/.rbenv/versions/2.3.1/lib/ruby/gems/2.3.0/gems/actionpack-4.2.6/lib/action_dispatch/middleware/templates/rescues/diagnostics.html.erb within rescues/layout (20.0ms)
  Rendered /home/burkay/.rbenv/versions/2.3.1/lib/ruby/gems/2.3.0/gems/web-console-2.3.0/lib/web_console/templates/_markup.html.erb (0.2ms)
  Rendered /home/burkay/.rbenv/versions/2.3.1/lib/ruby/gems/2.3.0/gems/web-console-2.3.0/lib/web_console/templates/_inner_console_markup.html.erb within layouts/inlined_string (0.9ms)
  Rendered /home/burkay/.rbenv/versions/2.3.1/lib/ruby/gems/2.3.0/gems/web-console-2.3.0/lib/web_console/templates/_prompt_box_markup.html.erb within layouts/inlined_string (0.3ms)
  Rendered /home/burkay/.rbenv/versions/2.3.1/lib/ruby/gems/2.3.0/gems/web-console-2.3.0/lib/web_console/templates/style.css.erb within layouts/inlined_string (0.2ms)
  Rendered /home/burkay/.rbenv/versions/2.3.1/lib/ruby/gems/2.3.0/gems/web-console-2.3.0/lib/web_console/templates/console.js.erb within layouts/javascript (14.9ms)
  Rendered /home/burkay/.rbenv/versions/2.3.1/lib/ruby/gems/2.3.0/gems/web-console-2.3.0/lib/web_console/templates/main.js.erb within layouts/javascript (0.2ms)
  Rendered /home/burkay/.rbenv/versions/2.3.1/lib/ruby/gems/2.3.0/gems/web-console-2.3.0/lib/web_console/templates/error_page.js.erb within layouts/javascript (0.7ms)
  Rendered /home/burkay/.rbenv/versions/2.3.1/lib/ruby/gems/2.3.0/gems/web-console-2.3.0/lib/web_console/templates/index.html.erb (28.9ms)


Started GET "/index" for 127.0.0.1 at 2016-12-23 04:05:54 +0300
Processing by EntriesController#index as HTML
  [1m[36mEntry Load (0.4ms)[0m  [1mSELECT  "entries".* FROM "entries"  ORDER BY "entries"."fav" ASC LIMIT 1[0m
Completed 500 Internal Server Error in 12ms (ActiveRecord: 1.0ms)

NoMethodError (undefined method `all' for #<Entry:0x007fe0195a4050>):
  app/controllers/entries_controller.rb:4:in `index'


  Rendered /home/burkay/.rbenv/versions/2.3.1/lib/ruby/gems/2.3.0/gems/actionpack-4.2.6/lib/action_dispatch/middleware/templates/rescues/_source.erb (3.2ms)
  Rendered /home/burkay/.rbenv/versions/2.3.1/lib/ruby/gems/2.3.0/gems/actionpack-4.2.6/lib/action_dispatch/middleware/templates/rescues/_trace.html.erb (1.3ms)
  Rendered /home/burkay/.rbenv/versions/2.3.1/lib/ruby/gems/2.3.0/gems/actionpack-4.2.6/lib/action_dispatch/middleware/templates/rescues/_request_and_response.html.erb (0.6ms)
  Rendered /home/burkay/.rbenv/versions/2.3.1/lib/ruby/gems/2.3.0/gems/actionpack-4.2.6/lib/action_dispatch/middleware/templates/rescues/diagnostics.html.erb within rescues/layout (17.0ms)
  Rendered /home/burkay/.rbenv/versions/2.3.1/lib/ruby/gems/2.3.0/gems/web-console-2.3.0/lib/web_console/templates/_markup.html.erb (0.3ms)
  Rendered /home/burkay/.rbenv/versions/2.3.1/lib/ruby/gems/2.3.0/gems/web-console-2.3.0/lib/web_console/templates/_inner_console_markup.html.erb within layouts/inlined_string (0.2ms)
  Rendered /home/burkay/.rbenv/versions/2.3.1/lib/ruby/gems/2.3.0/gems/web-console-2.3.0/lib/web_console/templates/_prompt_box_markup.html.erb within layouts/inlined_string (0.2ms)
  Rendered /home/burkay/.rbenv/versions/2.3.1/lib/ruby/gems/2.3.0/gems/web-console-2.3.0/lib/web_console/templates/style.css.erb within layouts/inlined_string (0.3ms)
  Rendered /home/burkay/.rbenv/versions/2.3.1/lib/ruby/gems/2.3.0/gems/web-console-2.3.0/lib/web_console/templates/console.js.erb within layouts/javascript (14.0ms)
  Rendered /home/burkay/.rbenv/versions/2.3.1/lib/ruby/gems/2.3.0/gems/web-console-2.3.0/lib/web_console/templates/main.js.erb within layouts/javascript (0.4ms)
  Rendered /home/burkay/.rbenv/versions/2.3.1/lib/ruby/gems/2.3.0/gems/web-console-2.3.0/lib/web_console/templates/error_page.js.erb within layouts/javascript (0.4ms)
  Rendered /home/burkay/.rbenv/versions/2.3.1/lib/ruby/gems/2.3.0/gems/web-console-2.3.0/lib/web_console/templates/index.html.erb (30.6ms)


Started GET "/index" for 127.0.0.1 at 2016-12-23 04:06:13 +0300
Processing by EntriesController#index as HTML
  [1m[35mEntry Load (0.5ms)[0m  SELECT  "entries".* FROM "entries"  ORDER BY "entries"."fav" ASC LIMIT 1
  Rendered entries/index.html.erb within layouts/application (3.9ms)
Completed 500 Internal Server Error in 16ms (ActiveRecord: 0.9ms)

ActionView::Template::Error (undefined method `each' for #<Entry:0x007fe01ac4a570>):
     7: 
     8: <div class="messages">
     9:     <div class="container">
    10:         <% @entries.each do |entry| %>
    11:             <div class="message">
    12:                 <p class="content">
    13:                     <%= entry.content %>
  app/views/entries/index.html.erb:10:in `_app_views_entries_index_html_erb___1795267261734487643_70300235173060'


  Rendered /home/burkay/.rbenv/versions/2.3.1/lib/ruby/gems/2.3.0/gems/actionpack-4.2.6/lib/action_dispatch/middleware/templates/rescues/_source.erb (3.7ms)
  Rendered /home/burkay/.rbenv/versions/2.3.1/lib/ruby/gems/2.3.0/gems/actionpack-4.2.6/lib/action_dispatch/middleware/templates/rescues/_trace.html.erb (2.1ms)
  Rendered /home/burkay/.rbenv/versions/2.3.1/lib/ruby/gems/2.3.0/gems/actionpack-4.2.6/lib/action_dispatch/middleware/templates/rescues/_request_and_response.html.erb (0.6ms)
  Rendered /home/burkay/.rbenv/versions/2.3.1/lib/ruby/gems/2.3.0/gems/actionpack-4.2.6/lib/action_dispatch/middleware/templates/rescues/template_error.html.erb within rescues/layout (18.1ms)
  Rendered /home/burkay/.rbenv/versions/2.3.1/lib/ruby/gems/2.3.0/gems/web-console-2.3.0/lib/web_console/templates/_markup.html.erb (0.3ms)
  Rendered /home/burkay/.rbenv/versions/2.3.1/lib/ruby/gems/2.3.0/gems/web-console-2.3.0/lib/web_console/templates/_inner_console_markup.html.erb within layouts/inlined_string (0.2ms)
  Rendered /home/burkay/.rbenv/versions/2.3.1/lib/ruby/gems/2.3.0/gems/web-console-2.3.0/lib/web_console/templates/_prompt_box_markup.html.erb within layouts/inlined_string (0.2ms)
  Rendered /home/burkay/.rbenv/versions/2.3.1/lib/ruby/gems/2.3.0/gems/web-console-2.3.0/lib/web_console/templates/style.css.erb within layouts/inlined_string (0.5ms)
  Rendered /home/burkay/.rbenv/versions/2.3.1/lib/ruby/gems/2.3.0/gems/web-console-2.3.0/lib/web_console/templates/console.js.erb within layouts/javascript (15.7ms)
  Rendered /home/burkay/.rbenv/versions/2.3.1/lib/ruby/gems/2.3.0/gems/web-console-2.3.0/lib/web_console/templates/main.js.erb within layouts/javascript (0.1ms)
  Rendered /home/burkay/.rbenv/versions/2.3.1/lib/ruby/gems/2.3.0/gems/web-console-2.3.0/lib/web_console/templates/error_page.js.erb within layouts/javascript (0.4ms)
  Rendered /home/burkay/.rbenv/versions/2.3.1/lib/ruby/gems/2.3.0/gems/web-console-2.3.0/lib/web_console/templates/index.html.erb (36.2ms)


Started GET "/index" for 127.0.0.1 at 2016-12-23 04:06:31 +0300
Processing by EntriesController#index as HTML
  [1m[36mEntry Load (0.5ms)[0m  [1mSELECT "entries".* FROM "entries"  ORDER BY "entries"."fav" ASC[0m
  Rendered entries/index.html.erb within layouts/application (7.0ms)
Completed 200 OK in 27ms (Views: 23.2ms | ActiveRecord: 0.8ms)


Started GET "/index" for 127.0.0.1 at 2016-12-23 04:07:43 +0300
Processing by EntriesController#index as HTML
  [1m[35mEntry Load (0.1ms)[0m  SELECT "entries".* FROM "entries"  ORDER BY "entries"."fav" ASC
  Rendered entries/index.html.erb within layouts/application (1.2ms)
Completed 200 OK in 9ms (Views: 8.6ms | ActiveRecord: 0.1ms)


Started GET "/index" for 127.0.0.1 at 2016-12-23 18:49:28 +0300
  [1m[36mActiveRecord::SchemaMigration Load (0.2ms)[0m  [1mSELECT "schema_migrations".* FROM "schema_migrations"[0m
Processing by EntriesController#index as HTML
  [1m[35mEntry Load (0.1ms)[0m  SELECT "entries".* FROM "entries"
  Rendered entries/index.html.erb within layouts/application (5.1ms)
Completed 200 OK in 388ms (Views: 380.3ms | ActiveRecord: 0.3ms)


Started GET "/favorites" for 127.0.0.1 at 2016-12-23 18:49:39 +0300

ActionController::RoutingError (No route matches [GET] "/favorites"):
  actionpack (4.2.6) lib/action_dispatch/middleware/debug_exceptions.rb:21:in `call'
  web-console (2.3.0) lib/web_console/middleware.rb:28:in `block in call'
  web-console (2.3.0) lib/web_console/middleware.rb:18:in `catch'
  web-console (2.3.0) lib/web_console/middleware.rb:18:in `call'
  actionpack (4.2.6) lib/action_dispatch/middleware/show_exceptions.rb:30:in `call'
  railties (4.2.6) lib/rails/rack/logger.rb:38:in `call_app'
  railties (4.2.6) lib/rails/rack/logger.rb:20:in `block in call'
  activesupport (4.2.6) lib/active_support/tagged_logging.rb:68:in `block in tagged'
  activesupport (4.2.6) lib/active_support/tagged_logging.rb:26:in `tagged'
  activesupport (4.2.6) lib/active_support/tagged_logging.rb:68:in `tagged'
  railties (4.2.6) lib/rails/rack/logger.rb:20:in `call'
  actionpack (4.2.6) lib/action_dispatch/middleware/request_id.rb:21:in `call'
  rack (1.6.5) lib/rack/methodoverride.rb:22:in `call'
  rack (1.6.5) lib/rack/runtime.rb:18:in `call'
  activesupport (4.2.6) lib/active_support/cache/strategy/local_cache_middleware.rb:28:in `call'
  rack (1.6.5) lib/rack/lock.rb:17:in `call'
  actionpack (4.2.6) lib/action_dispatch/middleware/static.rb:120:in `call'
  rack (1.6.5) lib/rack/sendfile.rb:113:in `call'
  railties (4.2.6) lib/rails/engine.rb:518:in `call'
  railties (4.2.6) lib/rails/application.rb:165:in `call'
  rack (1.6.5) lib/rack/lock.rb:17:in `call'
  rack (1.6.5) lib/rack/content_length.rb:15:in `call'
  rack (1.6.5) lib/rack/handler/webrick.rb:88:in `service'
  /home/burkay/.rbenv/versions/2.3.1/lib/ruby/2.3.0/webrick/httpserver.rb:140:in `service'
  /home/burkay/.rbenv/versions/2.3.1/lib/ruby/2.3.0/webrick/httpserver.rb:96:in `run'
  /home/burkay/.rbenv/versions/2.3.1/lib/ruby/2.3.0/webrick/server.rb:296:in `block in start_thread'


  Rendered /home/burkay/.rbenv/versions/2.3.1/lib/ruby/gems/2.3.0/gems/actionpack-4.2.6/lib/action_dispatch/middleware/templates/rescues/_trace.html.erb (2.9ms)
  Rendered /home/burkay/.rbenv/versions/2.3.1/lib/ruby/gems/2.3.0/gems/actionpack-4.2.6/lib/action_dispatch/middleware/templates/routes/_route.html.erb (1.5ms)
  Rendered /home/burkay/.rbenv/versions/2.3.1/lib/ruby/gems/2.3.0/gems/actionpack-4.2.6/lib/action_dispatch/middleware/templates/routes/_table.html.erb (8.4ms)
  Rendered /home/burkay/.rbenv/versions/2.3.1/lib/ruby/gems/2.3.0/gems/actionpack-4.2.6/lib/action_dispatch/middleware/templates/rescues/_request_and_response.html.erb (1.0ms)
  Rendered /home/burkay/.rbenv/versions/2.3.1/lib/ruby/gems/2.3.0/gems/actionpack-4.2.6/lib/action_dispatch/middleware/templates/rescues/routing_error.html.erb within rescues/layout (60.6ms)
  Rendered /home/burkay/.rbenv/versions/2.3.1/lib/ruby/gems/2.3.0/gems/web-console-2.3.0/lib/web_console/templates/_markup.html.erb (0.3ms)
  Rendered /home/burkay/.rbenv/versions/2.3.1/lib/ruby/gems/2.3.0/gems/web-console-2.3.0/lib/web_console/templates/_inner_console_markup.html.erb within layouts/inlined_string (0.8ms)
  Rendered /home/burkay/.rbenv/versions/2.3.1/lib/ruby/gems/2.3.0/gems/web-console-2.3.0/lib/web_console/templates/_prompt_box_markup.html.erb within layouts/inlined_string (0.2ms)
  Rendered /home/burkay/.rbenv/versions/2.3.1/lib/ruby/gems/2.3.0/gems/web-console-2.3.0/lib/web_console/templates/style.css.erb within layouts/inlined_string (0.2ms)
  Rendered /home/burkay/.rbenv/versions/2.3.1/lib/ruby/gems/2.3.0/gems/web-console-2.3.0/lib/web_console/templates/console.js.erb within layouts/javascript (15.9ms)
  Rendered /home/burkay/.rbenv/versions/2.3.1/lib/ruby/gems/2.3.0/gems/web-console-2.3.0/lib/web_console/templates/main.js.erb within layouts/javascript (0.2ms)
  Rendered /home/burkay/.rbenv/versions/2.3.1/lib/ruby/gems/2.3.0/gems/web-console-2.3.0/lib/web_console/templates/error_page.js.erb within layouts/javascript (0.5ms)
  Rendered /home/burkay/.rbenv/versions/2.3.1/lib/ruby/gems/2.3.0/gems/web-console-2.3.0/lib/web_console/templates/index.html.erb (30.2ms)


Started GET "/favorites" for 127.0.0.1 at 2016-12-23 18:57:29 +0300
Processing by EntriesController#favorites as HTML
  Rendered entries/favorites.html.erb within layouts/application (0.7ms)
Completed 500 Internal Server Error in 5ms (ActiveRecord: 0.0ms)

SyntaxError (/home/burkay/Desktop/project1/app/views/entries/favorites.html.erb:25: syntax error, unexpected '<', expecting keyword_end
                 <%= link_to  "thread","index" 
                  ^):
  app/views/entries/favorites.html.erb:25: syntax error, unexpected '<', expecting keyword_end


  Rendered /home/burkay/.rbenv/versions/2.3.1/lib/ruby/gems/2.3.0/gems/actionpack-4.2.6/lib/action_dispatch/middleware/templates/rescues/_source.erb (3.3ms)
  Rendered /home/burkay/.rbenv/versions/2.3.1/lib/ruby/gems/2.3.0/gems/actionpack-4.2.6/lib/action_dispatch/middleware/templates/rescues/_trace.html.erb (1.7ms)
  Rendered /home/burkay/.rbenv/versions/2.3.1/lib/ruby/gems/2.3.0/gems/actionpack-4.2.6/lib/action_dispatch/middleware/templates/rescues/_request_and_response.html.erb (0.7ms)
  Rendered /home/burkay/.rbenv/versions/2.3.1/lib/ruby/gems/2.3.0/gems/actionpack-4.2.6/lib/action_dispatch/middleware/templates/rescues/diagnostics.html.erb within rescues/layout (17.1ms)
  Rendered /home/burkay/.rbenv/versions/2.3.1/lib/ruby/gems/2.3.0/gems/web-console-2.3.0/lib/web_console/templates/_markup.html.erb (0.3ms)
  Rendered /home/burkay/.rbenv/versions/2.3.1/lib/ruby/gems/2.3.0/gems/web-console-2.3.0/lib/web_console/templates/_inner_console_markup.html.erb within layouts/inlined_string (0.2ms)
  Rendered /home/burkay/.rbenv/versions/2.3.1/lib/ruby/gems/2.3.0/gems/web-console-2.3.0/lib/web_console/templates/_prompt_box_markup.html.erb within layouts/inlined_string (0.2ms)
  Rendered /home/burkay/.rbenv/versions/2.3.1/lib/ruby/gems/2.3.0/gems/web-console-2.3.0/lib/web_console/templates/style.css.erb within layouts/inlined_string (0.2ms)
  Rendered /home/burkay/.rbenv/versions/2.3.1/lib/ruby/gems/2.3.0/gems/web-console-2.3.0/lib/web_console/templates/console.js.erb within layouts/javascript (11.9ms)
  Rendered /home/burkay/.rbenv/versions/2.3.1/lib/ruby/gems/2.3.0/gems/web-console-2.3.0/lib/web_console/templates/main.js.erb within layouts/javascript (0.2ms)
  Rendered /home/burkay/.rbenv/versions/2.3.1/lib/ruby/gems/2.3.0/gems/web-console-2.3.0/lib/web_console/templates/error_page.js.erb within layouts/javascript (0.3ms)
  Rendered /home/burkay/.rbenv/versions/2.3.1/lib/ruby/gems/2.3.0/gems/web-console-2.3.0/lib/web_console/templates/index.html.erb (25.7ms)


Started GET "/favorites" for 127.0.0.1 at 2016-12-23 18:57:47 +0300
Processing by EntriesController#favorites as HTML
  [1m[36mEntry Load (1.1ms)[0m  [1mSELECT "entries".* FROM "entries"  ORDER BY "entries"."fav" ASC[0m
  Rendered entries/favorites.html.erb within layouts/application (15.1ms)
Completed 200 OK in 41ms (Views: 38.3ms | ActiveRecord: 1.7ms)


Started GET "/index" for 127.0.0.1 at 2016-12-23 18:57:50 +0300
Processing by EntriesController#index as HTML
  [1m[35mEntry Load (0.4ms)[0m  SELECT "entries".* FROM "entries"
  Rendered entries/index.html.erb within layouts/application (2.8ms)
Completed 200 OK in 30ms (Views: 28.3ms | ActiveRecord: 0.4ms)


Started GET "/favorites" for 127.0.0.1 at 2016-12-23 19:00:18 +0300
Processing by EntriesController#favorites as HTML
  [1m[36mEntry Load (0.2ms)[0m  [1mSELECT "entries".* FROM "entries"  ORDER BY "entries"."fav" ASC[0m
  Rendered entries/favorites.html.erb within layouts/application (1.4ms)
Completed 200 OK in 10ms (Views: 9.5ms | ActiveRecord: 0.2ms)


Started GET "/best" for 127.0.0.1 at 2016-12-23 19:00:19 +0300
Processing by EntriesController#best as HTML
  [1m[35mEntry Load (1.0ms)[0m  SELECT  "entries".* FROM "entries"  ORDER BY "entries"."fav" DESC LIMIT 1
  Rendered entries/best.html.erb within layouts/application (2.2ms)
Completed 500 Internal Server Error in 12ms (ActiveRecord: 1.0ms)

SyntaxError (/home/burkay/Desktop/project1/app/views/entries/best.html.erb:20: syntax error, unexpected tIVAR, expecting '('
...t_buffer.append=( @best.@ntryNo );@output_buffer.safe_append...
...                               ^
/home/burkay/Desktop/project1/app/views/entries/best.html.erb:28: syntax error, unexpected keyword_ensure, expecting end-of-input):
  app/views/entries/best.html.erb:20: syntax error, unexpected tIVAR, expecting '('
  app/views/entries/best.html.erb:28: syntax error, unexpected keyword_ensure, expecting end-of-input


  Rendered /home/burkay/.rbenv/versions/2.3.1/lib/ruby/gems/2.3.0/gems/actionpack-4.2.6/lib/action_dispatch/middleware/templates/rescues/_source.erb (2.9ms)
  Rendered /home/burkay/.rbenv/versions/2.3.1/lib/ruby/gems/2.3.0/gems/actionpack-4.2.6/lib/action_dispatch/middleware/templates/rescues/_trace.html.erb (1.7ms)
  Rendered /home/burkay/.rbenv/versions/2.3.1/lib/ruby/gems/2.3.0/gems/actionpack-4.2.6/lib/action_dispatch/middleware/templates/rescues/_request_and_response.html.erb (0.5ms)
  Rendered /home/burkay/.rbenv/versions/2.3.1/lib/ruby/gems/2.3.0/gems/actionpack-4.2.6/lib/action_dispatch/middleware/templates/rescues/diagnostics.html.erb within rescues/layout (15.8ms)
  Rendered /home/burkay/.rbenv/versions/2.3.1/lib/ruby/gems/2.3.0/gems/web-console-2.3.0/lib/web_console/templates/_markup.html.erb (0.2ms)
  Rendered /home/burkay/.rbenv/versions/2.3.1/lib/ruby/gems/2.3.0/gems/web-console-2.3.0/lib/web_console/templates/_inner_console_markup.html.erb within layouts/inlined_string (0.2ms)
  Rendered /home/burkay/.rbenv/versions/2.3.1/lib/ruby/gems/2.3.0/gems/web-console-2.3.0/lib/web_console/templates/_prompt_box_markup.html.erb within layouts/inlined_string (0.5ms)
  Rendered /home/burkay/.rbenv/versions/2.3.1/lib/ruby/gems/2.3.0/gems/web-console-2.3.0/lib/web_console/templates/style.css.erb within layouts/inlined_string (0.3ms)
  Rendered /home/burkay/.rbenv/versions/2.3.1/lib/ruby/gems/2.3.0/gems/web-console-2.3.0/lib/web_console/templates/console.js.erb within layouts/javascript (13.8ms)
  Rendered /home/burkay/.rbenv/versions/2.3.1/lib/ruby/gems/2.3.0/gems/web-console-2.3.0/lib/web_console/templates/main.js.erb within layouts/javascript (0.2ms)
  Rendered /home/burkay/.rbenv/versions/2.3.1/lib/ruby/gems/2.3.0/gems/web-console-2.3.0/lib/web_console/templates/error_page.js.erb within layouts/javascript (0.2ms)
  Rendered /home/burkay/.rbenv/versions/2.3.1/lib/ruby/gems/2.3.0/gems/web-console-2.3.0/lib/web_console/templates/index.html.erb (26.6ms)


Started GET "/best" for 127.0.0.1 at 2016-12-23 19:00:34 +0300
Processing by EntriesController#best as HTML
  [1m[36mEntry Load (0.7ms)[0m  [1mSELECT  "entries".* FROM "entries"  ORDER BY "entries"."fav" DESC LIMIT 1[0m
  Rendered entries/best.html.erb within layouts/application (1.3ms)
Completed 500 Internal Server Error in 7ms (ActiveRecord: 0.7ms)

SyntaxError (/home/burkay/Desktop/project1/app/views/entries/best.html.erb:20: syntax error, unexpected tIVAR, expecting '('
..._buffer.append=( @best.@entryNo );@output_buffer.safe_append...
...                               ^
/home/burkay/Desktop/project1/app/views/entries/best.html.erb:28: syntax error, unexpected keyword_ensure, expecting end-of-input):
  app/views/entries/best.html.erb:20: syntax error, unexpected tIVAR, expecting '('
  app/views/entries/best.html.erb:28: syntax error, unexpected keyword_ensure, expecting end-of-input


  Rendered /home/burkay/.rbenv/versions/2.3.1/lib/ruby/gems/2.3.0/gems/actionpack-4.2.6/lib/action_dispatch/middleware/templates/rescues/_source.erb (3.4ms)
  Rendered /home/burkay/.rbenv/versions/2.3.1/lib/ruby/gems/2.3.0/gems/actionpack-4.2.6/lib/action_dispatch/middleware/templates/rescues/_trace.html.erb (1.6ms)
  Rendered /home/burkay/.rbenv/versions/2.3.1/lib/ruby/gems/2.3.0/gems/actionpack-4.2.6/lib/action_dispatch/middleware/templates/rescues/_request_and_response.html.erb (0.5ms)
  Rendered /home/burkay/.rbenv/versions/2.3.1/lib/ruby/gems/2.3.0/gems/actionpack-4.2.6/lib/action_dispatch/middleware/templates/rescues/diagnostics.html.erb within rescues/layout (17.2ms)
  Rendered /home/burkay/.rbenv/versions/2.3.1/lib/ruby/gems/2.3.0/gems/web-console-2.3.0/lib/web_console/templates/_markup.html.erb (0.3ms)
  Rendered /home/burkay/.rbenv/versions/2.3.1/lib/ruby/gems/2.3.0/gems/web-console-2.3.0/lib/web_console/templates/_inner_console_markup.html.erb within layouts/inlined_string (0.7ms)
  Rendered /home/burkay/.rbenv/versions/2.3.1/lib/ruby/gems/2.3.0/gems/web-console-2.3.0/lib/web_console/templates/_prompt_box_markup.html.erb within layouts/inlined_string (0.2ms)
  Rendered /home/burkay/.rbenv/versions/2.3.1/lib/ruby/gems/2.3.0/gems/web-console-2.3.0/lib/web_console/templates/style.css.erb within layouts/inlined_string (0.2ms)
  Rendered /home/burkay/.rbenv/versions/2.3.1/lib/ruby/gems/2.3.0/gems/web-console-2.3.0/lib/web_console/templates/console.js.erb within layouts/javascript (14.3ms)
  Rendered /home/burkay/.rbenv/versions/2.3.1/lib/ruby/gems/2.3.0/gems/web-console-2.3.0/lib/web_console/templates/main.js.erb within layouts/javascript (0.2ms)
  Rendered /home/burkay/.rbenv/versions/2.3.1/lib/ruby/gems/2.3.0/gems/web-console-2.3.0/lib/web_console/templates/error_page.js.erb within layouts/javascript (0.2ms)
  Rendered /home/burkay/.rbenv/versions/2.3.1/lib/ruby/gems/2.3.0/gems/web-console-2.3.0/lib/web_console/templates/index.html.erb (29.0ms)


Started GET "/best" for 127.0.0.1 at 2016-12-23 19:00:41 +0300
Processing by EntriesController#best as HTML
  [1m[35mEntry Load (0.7ms)[0m  SELECT  "entries".* FROM "entries"  ORDER BY "entries"."fav" DESC LIMIT 1
  Rendered entries/best.html.erb within layouts/application (2.1ms)
Completed 500 Internal Server Error in 7ms (ActiveRecord: 0.7ms)

SyntaxError (/home/burkay/Desktop/project1/app/views/entries/best.html.erb:28: syntax error, unexpected keyword_ensure, expecting end-of-input):
  app/views/entries/best.html.erb:28: syntax error, unexpected keyword_ensure, expecting end-of-input


  Rendered /home/burkay/.rbenv/versions/2.3.1/lib/ruby/gems/2.3.0/gems/actionpack-4.2.6/lib/action_dispatch/middleware/templates/rescues/_source.erb (3.7ms)
  Rendered /home/burkay/.rbenv/versions/2.3.1/lib/ruby/gems/2.3.0/gems/actionpack-4.2.6/lib/action_dispatch/middleware/templates/rescues/_trace.html.erb (1.5ms)
  Rendered /home/burkay/.rbenv/versions/2.3.1/lib/ruby/gems/2.3.0/gems/actionpack-4.2.6/lib/action_dispatch/middleware/templates/rescues/_request_and_response.html.erb (0.6ms)
  Rendered /home/burkay/.rbenv/versions/2.3.1/lib/ruby/gems/2.3.0/gems/actionpack-4.2.6/lib/action_dispatch/middleware/templates/rescues/diagnostics.html.erb within rescues/layout (17.0ms)
  Rendered /home/burkay/.rbenv/versions/2.3.1/lib/ruby/gems/2.3.0/gems/web-console-2.3.0/lib/web_console/templates/_markup.html.erb (0.2ms)
  Rendered /home/burkay/.rbenv/versions/2.3.1/lib/ruby/gems/2.3.0/gems/web-console-2.3.0/lib/web_console/templates/_inner_console_markup.html.erb within layouts/inlined_string (0.3ms)
  Rendered /home/burkay/.rbenv/versions/2.3.1/lib/ruby/gems/2.3.0/gems/web-console-2.3.0/lib/web_console/templates/_prompt_box_markup.html.erb within layouts/inlined_string (0.3ms)
  Rendered /home/burkay/.rbenv/versions/2.3.1/lib/ruby/gems/2.3.0/gems/web-console-2.3.0/lib/web_console/templates/style.css.erb within layouts/inlined_string (0.2ms)
  Rendered /home/burkay/.rbenv/versions/2.3.1/lib/ruby/gems/2.3.0/gems/web-console-2.3.0/lib/web_console/templates/console.js.erb within layouts/javascript (14.1ms)
  Rendered /home/burkay/.rbenv/versions/2.3.1/lib/ruby/gems/2.3.0/gems/web-console-2.3.0/lib/web_console/templates/main.js.erb within layouts/javascript (0.2ms)
  Rendered /home/burkay/.rbenv/versions/2.3.1/lib/ruby/gems/2.3.0/gems/web-console-2.3.0/lib/web_console/templates/error_page.js.erb within layouts/javascript (0.2ms)
  Rendered /home/burkay/.rbenv/versions/2.3.1/lib/ruby/gems/2.3.0/gems/web-console-2.3.0/lib/web_console/templates/index.html.erb (27.9ms)


Started GET "/best" for 127.0.0.1 at 2016-12-23 19:01:49 +0300
Processing by EntriesController#best as HTML
  [1m[36mEntry Load (0.7ms)[0m  [1mSELECT  "entries".* FROM "entries"  ORDER BY "entries"."fav" DESC LIMIT 1[0m
  Rendered entries/best.html.erb within layouts/application (2.0ms)
Completed 500 Internal Server Error in 9ms (ActiveRecord: 0.7ms)

SyntaxError (/home/burkay/Desktop/project1/app/views/entries/best.html.erb:28: syntax error, unexpected keyword_ensure, expecting end-of-input):
  app/views/entries/best.html.erb:28: syntax error, unexpected keyword_ensure, expecting end-of-input


  Rendered /home/burkay/.rbenv/versions/2.3.1/lib/ruby/gems/2.3.0/gems/actionpack-4.2.6/lib/action_dispatch/middleware/templates/rescues/_source.erb (5.1ms)
  Rendered /home/burkay/.rbenv/versions/2.3.1/lib/ruby/gems/2.3.0/gems/actionpack-4.2.6/lib/action_dispatch/middleware/templates/rescues/_trace.html.erb (1.4ms)
  Rendered /home/burkay/.rbenv/versions/2.3.1/lib/ruby/gems/2.3.0/gems/actionpack-4.2.6/lib/action_dispatch/middleware/templates/rescues/_request_and_response.html.erb (0.5ms)
  Rendered /home/burkay/.rbenv/versions/2.3.1/lib/ruby/gems/2.3.0/gems/actionpack-4.2.6/lib/action_dispatch/middleware/templates/rescues/diagnostics.html.erb within rescues/layout (18.1ms)
  Rendered /home/burkay/.rbenv/versions/2.3.1/lib/ruby/gems/2.3.0/gems/web-console-2.3.0/lib/web_console/templates/_markup.html.erb (0.3ms)
  Rendered /home/burkay/.rbenv/versions/2.3.1/lib/ruby/gems/2.3.0/gems/web-console-2.3.0/lib/web_console/templates/_inner_console_markup.html.erb within layouts/inlined_string (0.1ms)
  Rendered /home/burkay/.rbenv/versions/2.3.1/lib/ruby/gems/2.3.0/gems/web-console-2.3.0/lib/web_console/templates/_prompt_box_markup.html.erb within layouts/inlined_string (0.3ms)
  Rendered /home/burkay/.rbenv/versions/2.3.1/lib/ruby/gems/2.3.0/gems/web-console-2.3.0/lib/web_console/templates/style.css.erb within layouts/inlined_string (0.3ms)
  Rendered /home/burkay/.rbenv/versions/2.3.1/lib/ruby/gems/2.3.0/gems/web-console-2.3.0/lib/web_console/templates/console.js.erb within layouts/javascript (14.3ms)
  Rendered /home/burkay/.rbenv/versions/2.3.1/lib/ruby/gems/2.3.0/gems/web-console-2.3.0/lib/web_console/templates/main.js.erb within layouts/javascript (0.1ms)
  Rendered /home/burkay/.rbenv/versions/2.3.1/lib/ruby/gems/2.3.0/gems/web-console-2.3.0/lib/web_console/templates/error_page.js.erb within layouts/javascript (0.2ms)
  Rendered /home/burkay/.rbenv/versions/2.3.1/lib/ruby/gems/2.3.0/gems/web-console-2.3.0/lib/web_console/templates/index.html.erb (27.4ms)


Started GET "/best" for 127.0.0.1 at 2016-12-23 19:02:23 +0300
Processing by EntriesController#best as HTML
  [1m[35mEntry Load (0.3ms)[0m  SELECT  "entries".* FROM "entries"  ORDER BY "entries"."fav" DESC LIMIT 1
  Rendered entries/best.html.erb within layouts/application (0.6ms)
Completed 200 OK in 13ms (Views: 11.8ms | ActiveRecord: 0.3ms)


Started GET "/index" for 127.0.0.1 at 2016-12-23 19:02:25 +0300
Processing by EntriesController#index as HTML
  [1m[36mEntry Load (0.5ms)[0m  [1mSELECT "entries".* FROM "entries"[0m
  Rendered entries/index.html.erb within layouts/application (5.8ms)
Completed 200 OK in 31ms (Views: 29.4ms | ActiveRecord: 0.5ms)


Started GET "/best" for 127.0.0.1 at 2016-12-23 19:02:26 +0300
Processing by EntriesController#best as HTML
  [1m[35mEntry Load (0.5ms)[0m  SELECT  "entries".* FROM "entries"  ORDER BY "entries"."fav" DESC LIMIT 1
  Rendered entries/best.html.erb within layouts/application (0.9ms)
Completed 200 OK in 30ms (Views: 26.7ms | ActiveRecord: 0.5ms)


Started GET "/index" for 127.0.0.1 at 2016-12-23 19:02:28 +0300
Processing by EntriesController#index as HTML
  [1m[36mEntry Load (0.7ms)[0m  [1mSELECT "entries".* FROM "entries"[0m
  Rendered entries/index.html.erb within layouts/application (5.3ms)
Completed 200 OK in 28ms (Views: 25.7ms | ActiveRecord: 0.7ms)


Started GET "/favorites" for 127.0.0.1 at 2016-12-23 19:02:33 +0300
Processing by EntriesController#favorites as HTML
  [1m[35mEntry Load (0.2ms)[0m  SELECT "entries".* FROM "entries"  ORDER BY "entries"."fav" ASC
  Rendered entries/favorites.html.erb within layouts/application (1.5ms)
Completed 200 OK in 12ms (Views: 11.6ms | ActiveRecord: 0.2ms)


Started GET "/favorites" for 127.0.0.1 at 2016-12-23 19:04:49 +0300
Processing by EntriesController#favorites as HTML
  [1m[36mEntry Load (0.8ms)[0m  [1mSELECT "entries".* FROM "entries" WHERE "entries"."id" IN (NULL, NULL)[0m
Completed 404 Not Found in 61ms (ActiveRecord: 1.3ms)

ActiveRecord::RecordNotFound (Couldn't find all Entries with 'id': (all, {:order=>"fav DESC"}) (found 0 results, but was looking for 2)):
  app/controllers/entries_controller.rb:6:in `favorites'


  Rendered /home/burkay/.rbenv/versions/2.3.1/lib/ruby/gems/2.3.0/gems/actionpack-4.2.6/lib/action_dispatch/middleware/templates/rescues/_source.erb (2.3ms)
  Rendered /home/burkay/.rbenv/versions/2.3.1/lib/ruby/gems/2.3.0/gems/actionpack-4.2.6/lib/action_dispatch/middleware/templates/rescues/_trace.html.erb (1.2ms)
  Rendered /home/burkay/.rbenv/versions/2.3.1/lib/ruby/gems/2.3.0/gems/actionpack-4.2.6/lib/action_dispatch/middleware/templates/rescues/_request_and_response.html.erb (0.6ms)
  Rendered /home/burkay/.rbenv/versions/2.3.1/lib/ruby/gems/2.3.0/gems/actionpack-4.2.6/lib/action_dispatch/middleware/templates/rescues/diagnostics.html.erb within rescues/layout (15.7ms)
  Rendered /home/burkay/.rbenv/versions/2.3.1/lib/ruby/gems/2.3.0/gems/web-console-2.3.0/lib/web_console/templates/_markup.html.erb (0.3ms)
  Rendered /home/burkay/.rbenv/versions/2.3.1/lib/ruby/gems/2.3.0/gems/web-console-2.3.0/lib/web_console/templates/_inner_console_markup.html.erb within layouts/inlined_string (0.2ms)
  Rendered /home/burkay/.rbenv/versions/2.3.1/lib/ruby/gems/2.3.0/gems/web-console-2.3.0/lib/web_console/templates/_prompt_box_markup.html.erb within layouts/inlined_string (0.2ms)
  Rendered /home/burkay/.rbenv/versions/2.3.1/lib/ruby/gems/2.3.0/gems/web-console-2.3.0/lib/web_console/templates/style.css.erb within layouts/inlined_string (0.2ms)
  Rendered /home/burkay/.rbenv/versions/2.3.1/lib/ruby/gems/2.3.0/gems/web-console-2.3.0/lib/web_console/templates/console.js.erb within layouts/javascript (12.5ms)
  Rendered /home/burkay/.rbenv/versions/2.3.1/lib/ruby/gems/2.3.0/gems/web-console-2.3.0/lib/web_console/templates/main.js.erb within layouts/javascript (0.2ms)
  Rendered /home/burkay/.rbenv/versions/2.3.1/lib/ruby/gems/2.3.0/gems/web-console-2.3.0/lib/web_console/templates/error_page.js.erb within layouts/javascript (0.3ms)
  Rendered /home/burkay/.rbenv/versions/2.3.1/lib/ruby/gems/2.3.0/gems/web-console-2.3.0/lib/web_console/templates/index.html.erb (26.3ms)


Started GET "/index" for 127.0.0.1 at 2016-12-24 18:56:09 +0300
  [1m[36mActiveRecord::SchemaMigration Load (0.1ms)[0m  [1mSELECT "schema_migrations".* FROM "schema_migrations"[0m
Processing by EntriesController#index as HTML
  [1m[35mEntry Load (0.1ms)[0m  SELECT "entries".* FROM "entries"
  Rendered entries/index.html.erb within layouts/application (5.4ms)
Completed 200 OK in 304ms (Views: 293.6ms | ActiveRecord: 0.3ms)


Started GET "/favorites" for 127.0.0.1 at 2016-12-24 18:56:12 +0300
Processing by EntriesController#favorites as HTML
  [1m[36mEntry Load (0.4ms)[0m  [1mSELECT "entries".* FROM "entries" WHERE "entries"."id" IN (NULL, NULL)[0m
Completed 404 Not Found in 11ms (ActiveRecord: 0.4ms)

ActiveRecord::RecordNotFound (Couldn't find all Entries with 'id': (all, {:order=>"fav DESC"}) (found 0 results, but was looking for 2)):
  app/controllers/entries_controller.rb:6:in `favorites'


  Rendered /home/burkay/.rbenv/versions/2.3.1/lib/ruby/gems/2.3.0/gems/actionpack-4.2.6/lib/action_dispatch/middleware/templates/rescues/_source.erb (2.4ms)
  Rendered /home/burkay/.rbenv/versions/2.3.1/lib/ruby/gems/2.3.0/gems/actionpack-4.2.6/lib/action_dispatch/middleware/templates/rescues/_trace.html.erb (1.1ms)
  Rendered /home/burkay/.rbenv/versions/2.3.1/lib/ruby/gems/2.3.0/gems/actionpack-4.2.6/lib/action_dispatch/middleware/templates/rescues/_request_and_response.html.erb (0.5ms)
  Rendered /home/burkay/.rbenv/versions/2.3.1/lib/ruby/gems/2.3.0/gems/actionpack-4.2.6/lib/action_dispatch/middleware/templates/rescues/diagnostics.html.erb within rescues/layout (15.0ms)
  Rendered /home/burkay/.rbenv/versions/2.3.1/lib/ruby/gems/2.3.0/gems/web-console-2.3.0/lib/web_console/templates/_markup.html.erb (0.2ms)
  Rendered /home/burkay/.rbenv/versions/2.3.1/lib/ruby/gems/2.3.0/gems/web-console-2.3.0/lib/web_console/templates/_inner_console_markup.html.erb within layouts/inlined_string (0.3ms)
  Rendered /home/burkay/.rbenv/versions/2.3.1/lib/ruby/gems/2.3.0/gems/web-console-2.3.0/lib/web_console/templates/_prompt_box_markup.html.erb within layouts/inlined_string (0.3ms)
  Rendered /home/burkay/.rbenv/versions/2.3.1/lib/ruby/gems/2.3.0/gems/web-console-2.3.0/lib/web_console/templates/style.css.erb within layouts/inlined_string (0.4ms)
  Rendered /home/burkay/.rbenv/versions/2.3.1/lib/ruby/gems/2.3.0/gems/web-console-2.3.0/lib/web_console/templates/console.js.erb within layouts/javascript (17.6ms)
  Rendered /home/burkay/.rbenv/versions/2.3.1/lib/ruby/gems/2.3.0/gems/web-console-2.3.0/lib/web_console/templates/main.js.erb within layouts/javascript (0.4ms)
  Rendered /home/burkay/.rbenv/versions/2.3.1/lib/ruby/gems/2.3.0/gems/web-console-2.3.0/lib/web_console/templates/error_page.js.erb within layouts/javascript (0.3ms)
  Rendered /home/burkay/.rbenv/versions/2.3.1/lib/ruby/gems/2.3.0/gems/web-console-2.3.0/lib/web_console/templates/index.html.erb (34.1ms)


Started GET "/best" for 127.0.0.1 at 2016-12-24 18:56:20 +0300
Processing by EntriesController#best as HTML
  [1m[35mEntry Load (0.7ms)[0m  SELECT  "entries".* FROM "entries"  ORDER BY "entries"."fav" DESC LIMIT 1
  Rendered entries/best.html.erb within layouts/application (1.6ms)
Completed 200 OK in 37ms (Views: 32.5ms | ActiveRecord: 0.7ms)


Started GET "/favorites" for 127.0.0.1 at 2016-12-24 18:58:29 +0300
Processing by EntriesController#favorites as HTML
  [1m[36mEntry Load (0.3ms)[0m  [1mSELECT "entries".* FROM "entries"  ORDER BY "entries"."fav" ASC[0m
  Rendered entries/favorites.html.erb within layouts/application (6.2ms)
Completed 200 OK in 40ms (Views: 37.2ms | ActiveRecord: 1.0ms)


Started GET "/best" for 127.0.0.1 at 2016-12-24 18:58:37 +0300
Processing by EntriesController#best as HTML
  [1m[35mEntry Load (0.9ms)[0m  SELECT  "entries".* FROM "entries"  ORDER BY "entries"."fav" DESC LIMIT 1
  Rendered entries/best.html.erb within layouts/application (0.6ms)
Completed 200 OK in 30ms (Views: 26.0ms | ActiveRecord: 0.9ms)


Started GET "/index" for 127.0.0.1 at 2016-12-24 18:58:38 +0300
Processing by EntriesController#index as HTML
  [1m[36mEntry Load (0.4ms)[0m  [1mSELECT "entries".* FROM "entries"[0m
  Rendered entries/index.html.erb within layouts/application (3.3ms)
Completed 200 OK in 33ms (Views: 31.1ms | ActiveRecord: 0.4ms)


Started GET "/favorites" for 127.0.0.1 at 2016-12-24 18:58:39 +0300
Processing by EntriesController#favorites as HTML
  [1m[35mEntry Load (0.2ms)[0m  SELECT "entries".* FROM "entries"  ORDER BY "entries"."fav" ASC
  Rendered entries/favorites.html.erb within layouts/application (1.2ms)
Completed 200 OK in 12ms (Views: 11.0ms | ActiveRecord: 0.2ms)


Started GET "/best" for 127.0.0.1 at 2016-12-24 18:58:45 +0300
Processing by EntriesController#best as HTML
  [1m[36mEntry Load (0.9ms)[0m  [1mSELECT  "entries".* FROM "entries"  ORDER BY "entries"."fav" DESC LIMIT 1[0m
  Rendered entries/best.html.erb within layouts/application (0.6ms)
Completed 200 OK in 26ms (Views: 23.5ms | ActiveRecord: 0.9ms)
